[2022-12-08 16:47:02,177] INFO: args:
 - ('regression_mode', False)
 - ('data_config', 'data/AK4/ak4_points_pf_sv_Puppi_eta4p7_ef.yaml')
 - ('data_train', ['output3_distcut_pt_cutidx.root'])
 - ('data_val', [])
 - ('data_test', ['output3_distcut_pt_cutidx.root'])
 - ('data_fraction', 1)
 - ('file_fraction', 1)
 - ('fetch_by_files', False)
 - ('fetch_step', 0.01)
 - ('in_memory', False)
 - ('train_val_split', 0.8)
 - ('demo', False)
 - ('lr_finder', None)
 - ('tensorboard', None)
 - ('tensorboard_custom_fn', None)
 - ('network_config', 'networks/particle_net_ak4_pf_sv_ef.py')
 - ('network_option', [])
 - ('model_prefix', 'models_puppi_ef2_prova/')
 - ('load_model_weights', None)
 - ('num_epochs', 1)
 - ('steps_per_epoch', None)
 - ('steps_per_epoch_val', None)
 - ('samples_per_epoch', None)
 - ('samples_per_epoch_val', None)
 - ('optimizer', 'ranger')
 - ('optimizer_option', [])
 - ('lr_scheduler', 'flat+decay')
 - ('warmup_steps', 0)
 - ('load_epoch', None)
 - ('start_lr', 0.001)
 - ('batch_size', 2)
 - ('use_amp', False)
 - ('gpus', '0')
 - ('predict_gpus', '0')
 - ('num_workers', 1)
 - ('predict', False)
 - ('predict_output', None)
 - ('export_onnx', None)
 - ('io_test', False)
 - ('copy_inputs', False)
 - ('log', 'logs/train_puppi_ef2_prova.log')
 - ('print', False)
 - ('profile', False)
 - ('backend', None)
 - ('local_rank', None)
[2022-12-08 16:47:02,177] INFO: Running in classification mode
[2022-12-08 16:47:02,530] INFO: Using 1 files for training, range: (0, 0.8)
[2022-12-08 16:47:02,531] INFO: Using 1 files for validation, range: (0.8, 1)
[2022-12-08 16:47:02,531] INFO: Found file data/AK4/ak4_points_pf_sv_Puppi_eta4p7_ef.468ae567b9db5b172b5e9921d639f3c9.auto.yaml w/ auto-generated preprocessing information, will use that instead!
[2022-12-08 16:47:02,594] INFO: [0;37mpreprocess config: {'method': 'manual', 'data_fraction': None, 'params': None}[0m
[2022-12-08 16:47:02,594] INFO: [0;37mselection: (jet_tightId==1) & (np.abs(jet_eta)<4.7) & (jet_pt>15) & (jet_pt<1000) & (event_no%7!=0) & ( (jet_hadronFlavour>0) | ((jet_hadronFlavour==0) & (np.abs(jet_partonFlavour)!=4) & (np.abs(jet_partonFlavour)!=5)) ) & ( ~((jet_genjet_pt>0) & (jet_hadronFlavour==0) & (jet_partonFlavour==0)) | ((jet_genjet_pt>0) & (jet_hadronFlavour==0) & (jet_partonFlavour==0) & (jet_pt<200)) ) & ( (jet_genjet_pt>0) | ((jet_genjet_pt<=0) & (jet_pt<60)) )[0m
[2022-12-08 16:47:02,594] INFO: [0;37mtest_time_selection: (jet_tightId==1) & (np.abs(jet_eta)<4.7) & (jet_pt>15) & (jet_pt<1000)[0m
[2022-12-08 16:47:02,594] INFO: [0;37mvar_funcs:
 - ('pfcand_mask', 'awkward.JaggedArray.ones_like(pfcand_etarel)')
 - ('sv_mask', 'awkward.JaggedArray.ones_like(sv_etarel)')
 - ('edge_features_mask', 'awkward.JaggedArray.ones_like(pca_distance)')
 - ('label_b', '(jet_genjet_pt>0) & (jet_nBHadrons==1)')
 - ('label_bb', '(jet_genjet_pt>0) & (jet_nBHadrons>1)')
 - ('label_c', '(jet_genjet_pt>0) & (jet_nBHadrons==0) & (jet_nCHadrons==1)')
 - ('label_cc', '(jet_genjet_pt>0) & (jet_nBHadrons==0) & (jet_nCHadrons>1)')
 - ('label_uds', '(jet_genjet_pt>0) & (jet_hadronFlavour==0) & (np.abs(jet_partonFlavour)>0) & (np.abs(jet_partonFlavour)<4)')
 - ('label_g', '(jet_genjet_pt>0) & (jet_hadronFlavour==0) & (jet_partonFlavour==21)')
 - ('label_undef', '(jet_genjet_pt>0) & (jet_hadronFlavour==0) & ((jet_partonFlavour==0) | (np.abs(jet_partonFlavour)==5) | (np.abs(jet_partonFlavour)==4))')
 - ('label_pu', '(jet_genjet_pt<=0)')
 - ('label_catB', '(jet_genjet_pt>0) & (jet_hadronFlavour==5)')
 - ('label_catC', '(jet_genjet_pt>0) & (jet_hadronFlavour==4)')
 - ('_label_', 'np.stack([label_b,label_bb,label_c,label_cc,label_uds,label_g,label_undef,label_pu], axis=1).argmax(1)')
 - ('_labelcheck_', 'np.stack([label_b,label_bb,label_c,label_cc,label_uds,label_g,label_undef,label_pu], axis=1).sum(1)')[0m
[2022-12-08 16:47:02,594] INFO: [0;37minput_names: ('pf_points', 'pf_features', 'pf_mask', 'sv_points', 'sv_features', 'sv_mask', 'edge_list', 'edge_features', 'edge_features_mask')[0m
[2022-12-08 16:47:02,594] INFO: [0;37minput_dicts:
 - ('pf_points', ['pfcand_etarel', 'pfcand_phirel'])
 - ('pf_features', ['pfcand_pt_log_nopuppi', 'pfcand_e_log_nopuppi', 'pfcand_etarel', 'pfcand_phirel', 'pfcand_abseta', 'pfcand_charge', 'pfcand_VTX_ass', 'pfcand_lostInnerHits', 'pfcand_normchi2', 'pfcand_quality', 'pfcand_dz', 'pfcand_dzsig', 'pfcand_dxy', 'pfcand_dxysig', 'pfcand_btagEtaRel', 'pfcand_btagPtRatio', 'pfcand_btagPParRatio', 'pfcand_btagSip3dVal', 'pfcand_btagSip3dSig', 'pfcand_btagJetDistVal'])
 - ('pf_mask', ['pfcand_mask'])
 - ('sv_points', ['sv_etarel', 'sv_phirel'])
 - ('sv_features', ['sv_pt_log', 'sv_mass', 'sv_etarel', 'sv_phirel', 'sv_abseta', 'sv_ntracks', 'sv_normchi2', 'sv_dxy', 'sv_dxysig', 'sv_d3d', 'sv_d3dsig'])
 - ('sv_mask', ['sv_mask'])
 - ('edge_list', ['track1_index', 'track2_index'])
 - ('edge_features', ['pca_distance', 'pca_significance', 'pcaSeed_x1', 'pcaSeed_y1', 'pcaSeed_z1', 'pcaSeed_x2', 'pcaSeed_y2', 'pcaSeed_z2', 'pcaSeed_xerr1', 'pcaSeed_yerr1', 'pcaSeed_zerr1', 'pcaSeed_xerr2', 'pcaSeed_yerr2', 'pcaSeed_zerr2', 'dotprod1', 'dotprod2', 'pca_dist1', 'pca_dist2', 'dotprod12_2D', 'dotprod12_2DV', 'dotprod12_3D', 'dotprod12_3DV', 'pca_jetAxis_dist', 'pca_jetAxis_dotprod', 'pca_jetAxis_dEta', 'pca_jetAxis_dPhi_'])
 - ('edge_features_mask', ['edge_features_mask'])[0m
[2022-12-08 16:47:02,594] INFO: [0;37minput_shapes:
 - ('pf_points', (-1, 2, 50))
 - ('pf_features', (-1, 20, 50))
 - ('pf_mask', (-1, 1, 50))
 - ('sv_points', (-1, 2, 5))
 - ('sv_features', (-1, 11, 5))
 - ('sv_mask', (-1, 1, 5))
 - ('edge_list', (-1, 2, 300))
 - ('edge_features', (-1, 26, 300))
 - ('edge_features_mask', (-1, 1, 300))[0m
[2022-12-08 16:47:02,595] INFO: [0;37mpreprocess_params:
 - ('pfcand_etarel', {'length': 50, 'pad_mode': 'constant', 'center': None, 'scale': 1, 'min': -5, 'max': 5, 'pad_value': 0})
 - ('pfcand_phirel', {'length': 50, 'pad_mode': 'constant', 'center': None, 'scale': 1, 'min': -5, 'max': 5, 'pad_value': 0})
 - ('pfcand_pt_log_nopuppi', {'length': 50, 'pad_mode': 'constant', 'center': 0.8, 'scale': 0.7, 'min': -5, 'max': 5, 'pad_value': 0})
 - ('pfcand_e_log_nopuppi', {'length': 50, 'pad_mode': 'constant', 'center': 1.2, 'scale': 0.6, 'min': -5, 'max': 5, 'pad_value': 0})
 - ('pfcand_abseta', {'length': 50, 'pad_mode': 'constant', 'center': 0.8, 'scale': 1.2, 'min': -5, 'max': 5, 'pad_value': 0})
 - ('pfcand_charge', {'length': 50, 'pad_mode': 'constant', 'center': None, 'scale': 1, 'min': -5, 'max': 5, 'pad_value': 0})
 - ('pfcand_VTX_ass', {'length': 50, 'pad_mode': 'constant', 'center': 4, 'scale': 0.3, 'min': -5, 'max': 5, 'pad_value': 0})
 - ('pfcand_lostInnerHits', {'length': 50, 'pad_mode': 'constant', 'center': None, 'scale': 1, 'min': -5, 'max': 5, 'pad_value': 0})
 - ('pfcand_normchi2', {'length': 50, 'pad_mode': 'constant', 'center': 5, 'scale': 0.2, 'min': -5, 'max': 5, 'pad_value': 0})
 - ('pfcand_quality', {'length': 50, 'pad_mode': 'constant', 'center': 0, 'scale': 0.2, 'min': -5, 'max': 5, 'pad_value': 0})
 - ('pfcand_dz', {'length': 50, 'pad_mode': 'constant', 'center': 0, 'scale': 150, 'min': -5, 'max': 5, 'pad_value': 0})
 - ('pfcand_dzsig', {'length': 50, 'pad_mode': 'constant', 'center': 0, 'scale': 0.7, 'min': -5, 'max': 5, 'pad_value': 0})
 - ('pfcand_dxy', {'length': 50, 'pad_mode': 'constant', 'center': 0, 'scale': 270, 'min': -5, 'max': 5, 'pad_value': 0})
 - ('pfcand_dxysig', {'length': 50, 'pad_mode': 'constant', 'center': 1.1, 'scale': 1, 'min': -5, 'max': 5, 'pad_value': 0})
 - ('pfcand_btagEtaRel', {'length': 50, 'pad_mode': 'constant', 'center': 2.1, 'scale': 0.5, 'min': -5, 'max': 5, 'pad_value': 0})
 - ('pfcand_btagPtRatio', {'length': 50, 'pad_mode': 'constant', 'center': 0, 'scale': 1, 'min': -5, 'max': 5, 'pad_value': 0})
 - ('pfcand_btagPParRatio', {'length': 50, 'pad_mode': 'constant', 'center': 0, 'scale': 1, 'min': -5, 'max': 5, 'pad_value': 0})
 - ('pfcand_btagSip3dVal', {'length': 50, 'pad_mode': 'constant', 'center': 0, 'scale': 90, 'min': -5, 'max': 5, 'pad_value': 0})
 - ('pfcand_btagSip3dSig', {'length': 50, 'pad_mode': 'constant', 'center': 0, 'scale': 0.5, 'min': -5, 'max': 5, 'pad_value': 0})
 - ('pfcand_btagJetDistVal', {'length': 50, 'pad_mode': 'constant', 'center': 0, 'scale': 50, 'min': -5, 'max': 5, 'pad_value': 0})
 - ('pfcand_mask', {'length': 50, 'pad_mode': 'constant', 'center': None, 'scale': 1, 'min': -5, 'max': 5, 'pad_value': 0})
 - ('sv_etarel', {'length': 5, 'pad_mode': 'constant', 'center': None, 'scale': 1, 'min': -5, 'max': 5, 'pad_value': 0})
 - ('sv_phirel', {'length': 5, 'pad_mode': 'constant', 'center': None, 'scale': 1, 'min': -5, 'max': 5, 'pad_value': 0})
 - ('sv_pt_log', {'length': 5, 'pad_mode': 'constant', 'center': 2.8, 'scale': 0.8, 'min': -5, 'max': 5, 'pad_value': 0})
 - ('sv_mass', {'length': 5, 'pad_mode': 'constant', 'center': 1.1, 'scale': 0.6, 'min': -5, 'max': 5, 'pad_value': 0})
 - ('sv_abseta', {'length': 5, 'pad_mode': 'constant', 'center': 0.8, 'scale': 1.2, 'min': -5, 'max': 5, 'pad_value': 0})
 - ('sv_ntracks', {'length': 5, 'pad_mode': 'constant', 'center': 3, 'scale': 0.5, 'min': -5, 'max': 5, 'pad_value': 0})
 - ('sv_normchi2', {'length': 5, 'pad_mode': 'constant', 'center': 0.7, 'scale': 0.7, 'min': -5, 'max': 5, 'pad_value': 0})
 - ('sv_dxy', {'length': 5, 'pad_mode': 'constant', 'center': 0.2, 'scale': 0.6, 'min': -5, 'max': 5, 'pad_value': 0})
 - ('sv_dxysig', {'length': 5, 'pad_mode': 'constant', 'center': 5, 'scale': 0.03, 'min': -5, 'max': 5, 'pad_value': 0})
 - ('sv_d3d', {'length': 5, 'pad_mode': 'constant', 'center': 0.35, 'scale': 0.4, 'min': -5, 'max': 5, 'pad_value': 0})
 - ('sv_d3dsig', {'length': 5, 'pad_mode': 'constant', 'center': 5, 'scale': 0.03, 'min': -5, 'max': 5, 'pad_value': 0})
 - ('sv_mask', {'length': 5, 'pad_mode': 'constant', 'center': None, 'scale': 1, 'min': -5, 'max': 5, 'pad_value': 0})
 - ('track1_index', {'length': 300, 'pad_mode': 'constant', 'center': None, 'scale': 1, 'min': -5, 'max': 5, 'pad_value': 0})
 - ('track2_index', {'length': 300, 'pad_mode': 'constant', 'center': None, 'scale': 1, 'min': -5, 'max': 5, 'pad_value': 0})
 - ('pca_distance', {'length': 300, 'pad_mode': 'constant', 'center': None, 'scale': 1, 'min': -5, 'max': 5, 'pad_value': 0})
 - ('pca_significance', {'length': 300, 'pad_mode': 'constant', 'center': None, 'scale': 1, 'min': -5, 'max': 5, 'pad_value': 0})
 - ('pcaSeed_x1', {'length': 300, 'pad_mode': 'constant', 'center': None, 'scale': 1, 'min': -5, 'max': 5, 'pad_value': 0})
 - ('pcaSeed_y1', {'length': 300, 'pad_mode': 'constant', 'center': None, 'scale': 1, 'min': -5, 'max': 5, 'pad_value': 0})
 - ('pcaSeed_z1', {'length': 300, 'pad_mode': 'constant', 'center': None, 'scale': 1, 'min': -5, 'max': 5, 'pad_value': 0})
 - ('pcaSeed_x2', {'length': 300, 'pad_mode': 'constant', 'center': None, 'scale': 1, 'min': -5, 'max': 5, 'pad_value': 0})
 - ('pcaSeed_y2', {'length': 300, 'pad_mode': 'constant', 'center': None, 'scale': 1, 'min': -5, 'max': 5, 'pad_value': 0})
 - ('pcaSeed_z2', {'length': 300, 'pad_mode': 'constant', 'center': None, 'scale': 1, 'min': -5, 'max': 5, 'pad_value': 0})
 - ('pcaSeed_xerr1', {'length': 300, 'pad_mode': 'constant', 'center': None, 'scale': 1, 'min': -5, 'max': 5, 'pad_value': 0})
 - ('pcaSeed_yerr1', {'length': 300, 'pad_mode': 'constant', 'center': None, 'scale': 1, 'min': -5, 'max': 5, 'pad_value': 0})
 - ('pcaSeed_zerr1', {'length': 300, 'pad_mode': 'constant', 'center': None, 'scale': 1, 'min': -5, 'max': 5, 'pad_value': 0})
 - ('pcaSeed_xerr2', {'length': 300, 'pad_mode': 'constant', 'center': None, 'scale': 1, 'min': -5, 'max': 5, 'pad_value': 0})
 - ('pcaSeed_yerr2', {'length': 300, 'pad_mode': 'constant', 'center': None, 'scale': 1, 'min': -5, 'max': 5, 'pad_value': 0})
 - ('pcaSeed_zerr2', {'length': 300, 'pad_mode': 'constant', 'center': None, 'scale': 1, 'min': -5, 'max': 5, 'pad_value': 0})
 - ('dotprod1', {'length': 300, 'pad_mode': 'constant', 'center': None, 'scale': 1, 'min': -5, 'max': 5, 'pad_value': 0})
 - ('dotprod2', {'length': 300, 'pad_mode': 'constant', 'center': None, 'scale': 1, 'min': -5, 'max': 5, 'pad_value': 0})
 - ('pca_dist1', {'length': 300, 'pad_mode': 'constant', 'center': None, 'scale': 1, 'min': -5, 'max': 5, 'pad_value': 0})
 - ('pca_dist2', {'length': 300, 'pad_mode': 'constant', 'center': None, 'scale': 1, 'min': -5, 'max': 5, 'pad_value': 0})
 - ('dotprod12_2D', {'length': 300, 'pad_mode': 'constant', 'center': None, 'scale': 1, 'min': -5, 'max': 5, 'pad_value': 0})
 - ('dotprod12_2DV', {'length': 300, 'pad_mode': 'constant', 'center': None, 'scale': 1, 'min': -5, 'max': 5, 'pad_value': 0})
 - ('dotprod12_3D', {'length': 300, 'pad_mode': 'constant', 'center': None, 'scale': 1, 'min': -5, 'max': 5, 'pad_value': 0})
 - ('dotprod12_3DV', {'length': 300, 'pad_mode': 'constant', 'center': None, 'scale': 1, 'min': -5, 'max': 5, 'pad_value': 0})
 - ('pca_jetAxis_dist', {'length': 300, 'pad_mode': 'constant', 'center': None, 'scale': 1, 'min': -5, 'max': 5, 'pad_value': 0})
 - ('pca_jetAxis_dotprod', {'length': 300, 'pad_mode': 'constant', 'center': None, 'scale': 1, 'min': -5, 'max': 5, 'pad_value': 0})
 - ('pca_jetAxis_dEta', {'length': 300, 'pad_mode': 'constant', 'center': None, 'scale': 1, 'min': -5, 'max': 5, 'pad_value': 0})
 - ('pca_jetAxis_dPhi_', {'length': 300, 'pad_mode': 'constant', 'center': None, 'scale': 1, 'min': -5, 'max': 5, 'pad_value': 0})
 - ('edge_features_mask', {'length': 300, 'pad_mode': 'constant', 'center': None, 'scale': 1, 'min': -5, 'max': 5, 'pad_value': 0})[0m
[2022-12-08 16:47:02,595] INFO: [0;37mlabel_names: ('_label_',)[0m
[2022-12-08 16:47:02,595] INFO: [0;37mobserver_names: ('event_no', 'jet_no', 'jet_pt', 'jet_eta', 'jet_phi', 'jet_hadronFlavour', 'jet_partonFlavour', 'jet_genjet_pt', 'npfcands', 'pfDeepFlavourJetTags_probb', 'pfDeepFlavourJetTags_probbb', 'pfDeepFlavourJetTags_problepb', 'pfDeepFlavourJetTags_probc', 'pfDeepFlavourJetTags_probuds', 'pfDeepFlavourJetTags_probg', 'jet_qgl')[0m
[2022-12-08 16:47:02,595] INFO: [0;37mmonitor_variables: ()[0m
[2022-12-08 16:47:02,595] INFO: [0;37mreweight_method: flat[0m
[2022-12-08 16:47:02,595] INFO: [0;37mreweight_branches: ('jet_pt', 'jet_eta')[0m
[2022-12-08 16:47:02,595] INFO: [0;37mreweight_bins: ([15, 20, 26, 35, 46, 61, 80, 106, 141, 186, 247, 326, 432, 571, 756, 1000], [-4.7, -3.0, -2.5, -2.0, -1.5, -1.0, -0.5, 0.0, 0.5, 1.0, 1.5, 2.0, 2.5, 3.0, 4.7])[0m
[2022-12-08 16:47:02,595] INFO: [0;37mreweight_classes: ('label_catB', 'label_catC', 'label_uds', 'label_g', 'label_undef', 'label_pu')[0m
[2022-12-08 16:47:02,595] INFO: [0;37mclass_weights: [1, 1, 2.5, 5, 0.3, 0.2][0m
[2022-12-08 16:47:02,595] INFO: [0;37mreweight_threshold: 25[0m
[2022-12-08 16:47:02,595] INFO: [0;37mreweight_discard_under_overflow: True[0m
[2022-12-08 16:47:02,662] INFO: [0;37mpreprocess config: {'method': 'manual', 'data_fraction': None, 'params': None}[0m
[2022-12-08 16:47:02,662] INFO: [0;37mselection: (jet_tightId==1) & (np.abs(jet_eta)<4.7) & (jet_pt>15) & (jet_pt<1000) & (event_no%7!=0) & ( (jet_hadronFlavour>0) | ((jet_hadronFlavour==0) & (np.abs(jet_partonFlavour)!=4) & (np.abs(jet_partonFlavour)!=5)) ) & ( ~((jet_genjet_pt>0) & (jet_hadronFlavour==0) & (jet_partonFlavour==0)) | ((jet_genjet_pt>0) & (jet_hadronFlavour==0) & (jet_partonFlavour==0) & (jet_pt<200)) ) & ( (jet_genjet_pt>0) | ((jet_genjet_pt<=0) & (jet_pt<60)) )[0m
[2022-12-08 16:47:02,662] INFO: [0;37mtest_time_selection: (jet_tightId==1) & (np.abs(jet_eta)<4.7) & (jet_pt>15) & (jet_pt<1000)[0m
[2022-12-08 16:47:02,662] INFO: [0;37mvar_funcs:
 - ('pfcand_mask', 'awkward.JaggedArray.ones_like(pfcand_etarel)')
 - ('sv_mask', 'awkward.JaggedArray.ones_like(sv_etarel)')
 - ('edge_features_mask', 'awkward.JaggedArray.ones_like(pca_distance)')
 - ('label_b', '(jet_genjet_pt>0) & (jet_nBHadrons==1)')
 - ('label_bb', '(jet_genjet_pt>0) & (jet_nBHadrons>1)')
 - ('label_c', '(jet_genjet_pt>0) & (jet_nBHadrons==0) & (jet_nCHadrons==1)')
 - ('label_cc', '(jet_genjet_pt>0) & (jet_nBHadrons==0) & (jet_nCHadrons>1)')
 - ('label_uds', '(jet_genjet_pt>0) & (jet_hadronFlavour==0) & (np.abs(jet_partonFlavour)>0) & (np.abs(jet_partonFlavour)<4)')
 - ('label_g', '(jet_genjet_pt>0) & (jet_hadronFlavour==0) & (jet_partonFlavour==21)')
 - ('label_undef', '(jet_genjet_pt>0) & (jet_hadronFlavour==0) & ((jet_partonFlavour==0) | (np.abs(jet_partonFlavour)==5) | (np.abs(jet_partonFlavour)==4))')
 - ('label_pu', '(jet_genjet_pt<=0)')
 - ('label_catB', '(jet_genjet_pt>0) & (jet_hadronFlavour==5)')
 - ('label_catC', '(jet_genjet_pt>0) & (jet_hadronFlavour==4)')
 - ('_label_', 'np.stack([label_b,label_bb,label_c,label_cc,label_uds,label_g,label_undef,label_pu], axis=1).argmax(1)')
 - ('_labelcheck_', 'np.stack([label_b,label_bb,label_c,label_cc,label_uds,label_g,label_undef,label_pu], axis=1).sum(1)')[0m
[2022-12-08 16:47:02,662] INFO: [0;37minput_names: ('pf_points', 'pf_features', 'pf_mask', 'sv_points', 'sv_features', 'sv_mask', 'edge_list', 'edge_features', 'edge_features_mask')[0m
[2022-12-08 16:47:02,662] INFO: [0;37minput_dicts:
 - ('pf_points', ['pfcand_etarel', 'pfcand_phirel'])
 - ('pf_features', ['pfcand_pt_log_nopuppi', 'pfcand_e_log_nopuppi', 'pfcand_etarel', 'pfcand_phirel', 'pfcand_abseta', 'pfcand_charge', 'pfcand_VTX_ass', 'pfcand_lostInnerHits', 'pfcand_normchi2', 'pfcand_quality', 'pfcand_dz', 'pfcand_dzsig', 'pfcand_dxy', 'pfcand_dxysig', 'pfcand_btagEtaRel', 'pfcand_btagPtRatio', 'pfcand_btagPParRatio', 'pfcand_btagSip3dVal', 'pfcand_btagSip3dSig', 'pfcand_btagJetDistVal'])
 - ('pf_mask', ['pfcand_mask'])
 - ('sv_points', ['sv_etarel', 'sv_phirel'])
 - ('sv_features', ['sv_pt_log', 'sv_mass', 'sv_etarel', 'sv_phirel', 'sv_abseta', 'sv_ntracks', 'sv_normchi2', 'sv_dxy', 'sv_dxysig', 'sv_d3d', 'sv_d3dsig'])
 - ('sv_mask', ['sv_mask'])
 - ('edge_list', ['track1_index', 'track2_index'])
 - ('edge_features', ['pca_distance', 'pca_significance', 'pcaSeed_x1', 'pcaSeed_y1', 'pcaSeed_z1', 'pcaSeed_x2', 'pcaSeed_y2', 'pcaSeed_z2', 'pcaSeed_xerr1', 'pcaSeed_yerr1', 'pcaSeed_zerr1', 'pcaSeed_xerr2', 'pcaSeed_yerr2', 'pcaSeed_zerr2', 'dotprod1', 'dotprod2', 'pca_dist1', 'pca_dist2', 'dotprod12_2D', 'dotprod12_2DV', 'dotprod12_3D', 'dotprod12_3DV', 'pca_jetAxis_dist', 'pca_jetAxis_dotprod', 'pca_jetAxis_dEta', 'pca_jetAxis_dPhi_'])
 - ('edge_features_mask', ['edge_features_mask'])[0m
[2022-12-08 16:47:02,662] INFO: [0;37minput_shapes:
 - ('pf_points', (-1, 2, 50))
 - ('pf_features', (-1, 20, 50))
 - ('pf_mask', (-1, 1, 50))
 - ('sv_points', (-1, 2, 5))
 - ('sv_features', (-1, 11, 5))
 - ('sv_mask', (-1, 1, 5))
 - ('edge_list', (-1, 2, 300))
 - ('edge_features', (-1, 26, 300))
 - ('edge_features_mask', (-1, 1, 300))[0m
[2022-12-08 16:47:02,662] INFO: [0;37mpreprocess_params:
 - ('pfcand_etarel', {'length': 50, 'pad_mode': 'constant', 'center': None, 'scale': 1, 'min': -5, 'max': 5, 'pad_value': 0})
 - ('pfcand_phirel', {'length': 50, 'pad_mode': 'constant', 'center': None, 'scale': 1, 'min': -5, 'max': 5, 'pad_value': 0})
 - ('pfcand_pt_log_nopuppi', {'length': 50, 'pad_mode': 'constant', 'center': 0.8, 'scale': 0.7, 'min': -5, 'max': 5, 'pad_value': 0})
 - ('pfcand_e_log_nopuppi', {'length': 50, 'pad_mode': 'constant', 'center': 1.2, 'scale': 0.6, 'min': -5, 'max': 5, 'pad_value': 0})
 - ('pfcand_abseta', {'length': 50, 'pad_mode': 'constant', 'center': 0.8, 'scale': 1.2, 'min': -5, 'max': 5, 'pad_value': 0})
 - ('pfcand_charge', {'length': 50, 'pad_mode': 'constant', 'center': None, 'scale': 1, 'min': -5, 'max': 5, 'pad_value': 0})
 - ('pfcand_VTX_ass', {'length': 50, 'pad_mode': 'constant', 'center': 4, 'scale': 0.3, 'min': -5, 'max': 5, 'pad_value': 0})
 - ('pfcand_lostInnerHits', {'length': 50, 'pad_mode': 'constant', 'center': None, 'scale': 1, 'min': -5, 'max': 5, 'pad_value': 0})
 - ('pfcand_normchi2', {'length': 50, 'pad_mode': 'constant', 'center': 5, 'scale': 0.2, 'min': -5, 'max': 5, 'pad_value': 0})
 - ('pfcand_quality', {'length': 50, 'pad_mode': 'constant', 'center': 0, 'scale': 0.2, 'min': -5, 'max': 5, 'pad_value': 0})
 - ('pfcand_dz', {'length': 50, 'pad_mode': 'constant', 'center': 0, 'scale': 150, 'min': -5, 'max': 5, 'pad_value': 0})
 - ('pfcand_dzsig', {'length': 50, 'pad_mode': 'constant', 'center': 0, 'scale': 0.7, 'min': -5, 'max': 5, 'pad_value': 0})
 - ('pfcand_dxy', {'length': 50, 'pad_mode': 'constant', 'center': 0, 'scale': 270, 'min': -5, 'max': 5, 'pad_value': 0})
 - ('pfcand_dxysig', {'length': 50, 'pad_mode': 'constant', 'center': 1.1, 'scale': 1, 'min': -5, 'max': 5, 'pad_value': 0})
 - ('pfcand_btagEtaRel', {'length': 50, 'pad_mode': 'constant', 'center': 2.1, 'scale': 0.5, 'min': -5, 'max': 5, 'pad_value': 0})
 - ('pfcand_btagPtRatio', {'length': 50, 'pad_mode': 'constant', 'center': 0, 'scale': 1, 'min': -5, 'max': 5, 'pad_value': 0})
 - ('pfcand_btagPParRatio', {'length': 50, 'pad_mode': 'constant', 'center': 0, 'scale': 1, 'min': -5, 'max': 5, 'pad_value': 0})
 - ('pfcand_btagSip3dVal', {'length': 50, 'pad_mode': 'constant', 'center': 0, 'scale': 90, 'min': -5, 'max': 5, 'pad_value': 0})
 - ('pfcand_btagSip3dSig', {'length': 50, 'pad_mode': 'constant', 'center': 0, 'scale': 0.5, 'min': -5, 'max': 5, 'pad_value': 0})
 - ('pfcand_btagJetDistVal', {'length': 50, 'pad_mode': 'constant', 'center': 0, 'scale': 50, 'min': -5, 'max': 5, 'pad_value': 0})
 - ('pfcand_mask', {'length': 50, 'pad_mode': 'constant', 'center': None, 'scale': 1, 'min': -5, 'max': 5, 'pad_value': 0})
 - ('sv_etarel', {'length': 5, 'pad_mode': 'constant', 'center': None, 'scale': 1, 'min': -5, 'max': 5, 'pad_value': 0})
 - ('sv_phirel', {'length': 5, 'pad_mode': 'constant', 'center': None, 'scale': 1, 'min': -5, 'max': 5, 'pad_value': 0})
 - ('sv_pt_log', {'length': 5, 'pad_mode': 'constant', 'center': 2.8, 'scale': 0.8, 'min': -5, 'max': 5, 'pad_value': 0})
 - ('sv_mass', {'length': 5, 'pad_mode': 'constant', 'center': 1.1, 'scale': 0.6, 'min': -5, 'max': 5, 'pad_value': 0})
 - ('sv_abseta', {'length': 5, 'pad_mode': 'constant', 'center': 0.8, 'scale': 1.2, 'min': -5, 'max': 5, 'pad_value': 0})
 - ('sv_ntracks', {'length': 5, 'pad_mode': 'constant', 'center': 3, 'scale': 0.5, 'min': -5, 'max': 5, 'pad_value': 0})
 - ('sv_normchi2', {'length': 5, 'pad_mode': 'constant', 'center': 0.7, 'scale': 0.7, 'min': -5, 'max': 5, 'pad_value': 0})
 - ('sv_dxy', {'length': 5, 'pad_mode': 'constant', 'center': 0.2, 'scale': 0.6, 'min': -5, 'max': 5, 'pad_value': 0})
 - ('sv_dxysig', {'length': 5, 'pad_mode': 'constant', 'center': 5, 'scale': 0.03, 'min': -5, 'max': 5, 'pad_value': 0})
 - ('sv_d3d', {'length': 5, 'pad_mode': 'constant', 'center': 0.35, 'scale': 0.4, 'min': -5, 'max': 5, 'pad_value': 0})
 - ('sv_d3dsig', {'length': 5, 'pad_mode': 'constant', 'center': 5, 'scale': 0.03, 'min': -5, 'max': 5, 'pad_value': 0})
 - ('sv_mask', {'length': 5, 'pad_mode': 'constant', 'center': None, 'scale': 1, 'min': -5, 'max': 5, 'pad_value': 0})
 - ('track1_index', {'length': 300, 'pad_mode': 'constant', 'center': None, 'scale': 1, 'min': -5, 'max': 5, 'pad_value': 0})
 - ('track2_index', {'length': 300, 'pad_mode': 'constant', 'center': None, 'scale': 1, 'min': -5, 'max': 5, 'pad_value': 0})
 - ('pca_distance', {'length': 300, 'pad_mode': 'constant', 'center': None, 'scale': 1, 'min': -5, 'max': 5, 'pad_value': 0})
 - ('pca_significance', {'length': 300, 'pad_mode': 'constant', 'center': None, 'scale': 1, 'min': -5, 'max': 5, 'pad_value': 0})
 - ('pcaSeed_x1', {'length': 300, 'pad_mode': 'constant', 'center': None, 'scale': 1, 'min': -5, 'max': 5, 'pad_value': 0})
 - ('pcaSeed_y1', {'length': 300, 'pad_mode': 'constant', 'center': None, 'scale': 1, 'min': -5, 'max': 5, 'pad_value': 0})
 - ('pcaSeed_z1', {'length': 300, 'pad_mode': 'constant', 'center': None, 'scale': 1, 'min': -5, 'max': 5, 'pad_value': 0})
 - ('pcaSeed_x2', {'length': 300, 'pad_mode': 'constant', 'center': None, 'scale': 1, 'min': -5, 'max': 5, 'pad_value': 0})
 - ('pcaSeed_y2', {'length': 300, 'pad_mode': 'constant', 'center': None, 'scale': 1, 'min': -5, 'max': 5, 'pad_value': 0})
 - ('pcaSeed_z2', {'length': 300, 'pad_mode': 'constant', 'center': None, 'scale': 1, 'min': -5, 'max': 5, 'pad_value': 0})
 - ('pcaSeed_xerr1', {'length': 300, 'pad_mode': 'constant', 'center': None, 'scale': 1, 'min': -5, 'max': 5, 'pad_value': 0})
 - ('pcaSeed_yerr1', {'length': 300, 'pad_mode': 'constant', 'center': None, 'scale': 1, 'min': -5, 'max': 5, 'pad_value': 0})
 - ('pcaSeed_zerr1', {'length': 300, 'pad_mode': 'constant', 'center': None, 'scale': 1, 'min': -5, 'max': 5, 'pad_value': 0})
 - ('pcaSeed_xerr2', {'length': 300, 'pad_mode': 'constant', 'center': None, 'scale': 1, 'min': -5, 'max': 5, 'pad_value': 0})
 - ('pcaSeed_yerr2', {'length': 300, 'pad_mode': 'constant', 'center': None, 'scale': 1, 'min': -5, 'max': 5, 'pad_value': 0})
 - ('pcaSeed_zerr2', {'length': 300, 'pad_mode': 'constant', 'center': None, 'scale': 1, 'min': -5, 'max': 5, 'pad_value': 0})
 - ('dotprod1', {'length': 300, 'pad_mode': 'constant', 'center': None, 'scale': 1, 'min': -5, 'max': 5, 'pad_value': 0})
 - ('dotprod2', {'length': 300, 'pad_mode': 'constant', 'center': None, 'scale': 1, 'min': -5, 'max': 5, 'pad_value': 0})
 - ('pca_dist1', {'length': 300, 'pad_mode': 'constant', 'center': None, 'scale': 1, 'min': -5, 'max': 5, 'pad_value': 0})
 - ('pca_dist2', {'length': 300, 'pad_mode': 'constant', 'center': None, 'scale': 1, 'min': -5, 'max': 5, 'pad_value': 0})
 - ('dotprod12_2D', {'length': 300, 'pad_mode': 'constant', 'center': None, 'scale': 1, 'min': -5, 'max': 5, 'pad_value': 0})
 - ('dotprod12_2DV', {'length': 300, 'pad_mode': 'constant', 'center': None, 'scale': 1, 'min': -5, 'max': 5, 'pad_value': 0})
 - ('dotprod12_3D', {'length': 300, 'pad_mode': 'constant', 'center': None, 'scale': 1, 'min': -5, 'max': 5, 'pad_value': 0})
 - ('dotprod12_3DV', {'length': 300, 'pad_mode': 'constant', 'center': None, 'scale': 1, 'min': -5, 'max': 5, 'pad_value': 0})
 - ('pca_jetAxis_dist', {'length': 300, 'pad_mode': 'constant', 'center': None, 'scale': 1, 'min': -5, 'max': 5, 'pad_value': 0})
 - ('pca_jetAxis_dotprod', {'length': 300, 'pad_mode': 'constant', 'center': None, 'scale': 1, 'min': -5, 'max': 5, 'pad_value': 0})
 - ('pca_jetAxis_dEta', {'length': 300, 'pad_mode': 'constant', 'center': None, 'scale': 1, 'min': -5, 'max': 5, 'pad_value': 0})
 - ('pca_jetAxis_dPhi_', {'length': 300, 'pad_mode': 'constant', 'center': None, 'scale': 1, 'min': -5, 'max': 5, 'pad_value': 0})
 - ('edge_features_mask', {'length': 300, 'pad_mode': 'constant', 'center': None, 'scale': 1, 'min': -5, 'max': 5, 'pad_value': 0})[0m
[2022-12-08 16:47:02,662] INFO: [0;37mlabel_names: ('_label_',)[0m
[2022-12-08 16:47:02,662] INFO: [0;37mobserver_names: ()[0m
[2022-12-08 16:47:02,662] INFO: [0;37mmonitor_variables: ()[0m
[2022-12-08 16:47:02,662] INFO: [0;37mreweight_method: flat[0m
[2022-12-08 16:47:02,662] INFO: [0;37mreweight_branches: ('jet_pt', 'jet_eta')[0m
[2022-12-08 16:47:02,662] INFO: [0;37mreweight_bins: ([15, 20, 26, 35, 46, 61, 80, 106, 141, 186, 247, 326, 432, 571, 756, 1000], [-4.7, -3.0, -2.5, -2.0, -1.5, -1.0, -0.5, 0.0, 0.5, 1.0, 1.5, 2.0, 2.5, 3.0, 4.7])[0m
[2022-12-08 16:47:02,662] INFO: [0;37mreweight_classes: ('label_catB', 'label_catC', 'label_uds', 'label_g', 'label_undef', 'label_pu')[0m
[2022-12-08 16:47:02,662] INFO: [0;37mclass_weights: [1, 1, 2.5, 5, 0.3, 0.2][0m
[2022-12-08 16:47:02,662] INFO: [0;37mreweight_threshold: 25[0m
[2022-12-08 16:47:02,662] INFO: [0;37mreweight_discard_under_overflow: True[0m
[2022-12-08 16:47:02,663] INFO: Found file data/AK4/ak4_points_pf_sv_Puppi_eta4p7_ef.468ae567b9db5b172b5e9921d639f3c9.auto.yaml w/ auto-generated preprocessing information, will use that instead!
[2022-12-08 16:47:02,728] INFO: [0;37mpreprocess config: {'method': 'manual', 'data_fraction': None, 'params': None}[0m
[2022-12-08 16:47:02,728] INFO: [0;37mselection: (jet_tightId==1) & (np.abs(jet_eta)<4.7) & (jet_pt>15) & (jet_pt<1000) & (event_no%7!=0) & ( (jet_hadronFlavour>0) | ((jet_hadronFlavour==0) & (np.abs(jet_partonFlavour)!=4) & (np.abs(jet_partonFlavour)!=5)) ) & ( ~((jet_genjet_pt>0) & (jet_hadronFlavour==0) & (jet_partonFlavour==0)) | ((jet_genjet_pt>0) & (jet_hadronFlavour==0) & (jet_partonFlavour==0) & (jet_pt<200)) ) & ( (jet_genjet_pt>0) | ((jet_genjet_pt<=0) & (jet_pt<60)) )[0m
[2022-12-08 16:47:02,728] INFO: [0;37mtest_time_selection: (jet_tightId==1) & (np.abs(jet_eta)<4.7) & (jet_pt>15) & (jet_pt<1000)[0m
[2022-12-08 16:47:02,728] INFO: [0;37mvar_funcs:
 - ('pfcand_mask', 'awkward.JaggedArray.ones_like(pfcand_etarel)')
 - ('sv_mask', 'awkward.JaggedArray.ones_like(sv_etarel)')
 - ('edge_features_mask', 'awkward.JaggedArray.ones_like(pca_distance)')
 - ('label_b', '(jet_genjet_pt>0) & (jet_nBHadrons==1)')
 - ('label_bb', '(jet_genjet_pt>0) & (jet_nBHadrons>1)')
 - ('label_c', '(jet_genjet_pt>0) & (jet_nBHadrons==0) & (jet_nCHadrons==1)')
 - ('label_cc', '(jet_genjet_pt>0) & (jet_nBHadrons==0) & (jet_nCHadrons>1)')
 - ('label_uds', '(jet_genjet_pt>0) & (jet_hadronFlavour==0) & (np.abs(jet_partonFlavour)>0) & (np.abs(jet_partonFlavour)<4)')
 - ('label_g', '(jet_genjet_pt>0) & (jet_hadronFlavour==0) & (jet_partonFlavour==21)')
 - ('label_undef', '(jet_genjet_pt>0) & (jet_hadronFlavour==0) & ((jet_partonFlavour==0) | (np.abs(jet_partonFlavour)==5) | (np.abs(jet_partonFlavour)==4))')
 - ('label_pu', '(jet_genjet_pt<=0)')
 - ('label_catB', '(jet_genjet_pt>0) & (jet_hadronFlavour==5)')
 - ('label_catC', '(jet_genjet_pt>0) & (jet_hadronFlavour==4)')
 - ('_label_', 'np.stack([label_b,label_bb,label_c,label_cc,label_uds,label_g,label_undef,label_pu], axis=1).argmax(1)')
 - ('_labelcheck_', 'np.stack([label_b,label_bb,label_c,label_cc,label_uds,label_g,label_undef,label_pu], axis=1).sum(1)')[0m
[2022-12-08 16:47:02,728] INFO: [0;37minput_names: ('pf_points', 'pf_features', 'pf_mask', 'sv_points', 'sv_features', 'sv_mask', 'edge_list', 'edge_features', 'edge_features_mask')[0m
[2022-12-08 16:47:02,728] INFO: [0;37minput_dicts:
 - ('pf_points', ['pfcand_etarel', 'pfcand_phirel'])
 - ('pf_features', ['pfcand_pt_log_nopuppi', 'pfcand_e_log_nopuppi', 'pfcand_etarel', 'pfcand_phirel', 'pfcand_abseta', 'pfcand_charge', 'pfcand_VTX_ass', 'pfcand_lostInnerHits', 'pfcand_normchi2', 'pfcand_quality', 'pfcand_dz', 'pfcand_dzsig', 'pfcand_dxy', 'pfcand_dxysig', 'pfcand_btagEtaRel', 'pfcand_btagPtRatio', 'pfcand_btagPParRatio', 'pfcand_btagSip3dVal', 'pfcand_btagSip3dSig', 'pfcand_btagJetDistVal'])
 - ('pf_mask', ['pfcand_mask'])
 - ('sv_points', ['sv_etarel', 'sv_phirel'])
 - ('sv_features', ['sv_pt_log', 'sv_mass', 'sv_etarel', 'sv_phirel', 'sv_abseta', 'sv_ntracks', 'sv_normchi2', 'sv_dxy', 'sv_dxysig', 'sv_d3d', 'sv_d3dsig'])
 - ('sv_mask', ['sv_mask'])
 - ('edge_list', ['track1_index', 'track2_index'])
 - ('edge_features', ['pca_distance', 'pca_significance', 'pcaSeed_x1', 'pcaSeed_y1', 'pcaSeed_z1', 'pcaSeed_x2', 'pcaSeed_y2', 'pcaSeed_z2', 'pcaSeed_xerr1', 'pcaSeed_yerr1', 'pcaSeed_zerr1', 'pcaSeed_xerr2', 'pcaSeed_yerr2', 'pcaSeed_zerr2', 'dotprod1', 'dotprod2', 'pca_dist1', 'pca_dist2', 'dotprod12_2D', 'dotprod12_2DV', 'dotprod12_3D', 'dotprod12_3DV', 'pca_jetAxis_dist', 'pca_jetAxis_dotprod', 'pca_jetAxis_dEta', 'pca_jetAxis_dPhi_'])
 - ('edge_features_mask', ['edge_features_mask'])[0m
[2022-12-08 16:47:02,728] INFO: [0;37minput_shapes:
 - ('pf_points', (-1, 2, 50))
 - ('pf_features', (-1, 20, 50))
 - ('pf_mask', (-1, 1, 50))
 - ('sv_points', (-1, 2, 5))
 - ('sv_features', (-1, 11, 5))
 - ('sv_mask', (-1, 1, 5))
 - ('edge_list', (-1, 2, 300))
 - ('edge_features', (-1, 26, 300))
 - ('edge_features_mask', (-1, 1, 300))[0m
[2022-12-08 16:47:02,728] INFO: [0;37mpreprocess_params:
 - ('pfcand_etarel', {'length': 50, 'pad_mode': 'constant', 'center': None, 'scale': 1, 'min': -5, 'max': 5, 'pad_value': 0})
 - ('pfcand_phirel', {'length': 50, 'pad_mode': 'constant', 'center': None, 'scale': 1, 'min': -5, 'max': 5, 'pad_value': 0})
 - ('pfcand_pt_log_nopuppi', {'length': 50, 'pad_mode': 'constant', 'center': 0.8, 'scale': 0.7, 'min': -5, 'max': 5, 'pad_value': 0})
 - ('pfcand_e_log_nopuppi', {'length': 50, 'pad_mode': 'constant', 'center': 1.2, 'scale': 0.6, 'min': -5, 'max': 5, 'pad_value': 0})
 - ('pfcand_abseta', {'length': 50, 'pad_mode': 'constant', 'center': 0.8, 'scale': 1.2, 'min': -5, 'max': 5, 'pad_value': 0})
 - ('pfcand_charge', {'length': 50, 'pad_mode': 'constant', 'center': None, 'scale': 1, 'min': -5, 'max': 5, 'pad_value': 0})
 - ('pfcand_VTX_ass', {'length': 50, 'pad_mode': 'constant', 'center': 4, 'scale': 0.3, 'min': -5, 'max': 5, 'pad_value': 0})
 - ('pfcand_lostInnerHits', {'length': 50, 'pad_mode': 'constant', 'center': None, 'scale': 1, 'min': -5, 'max': 5, 'pad_value': 0})
 - ('pfcand_normchi2', {'length': 50, 'pad_mode': 'constant', 'center': 5, 'scale': 0.2, 'min': -5, 'max': 5, 'pad_value': 0})
 - ('pfcand_quality', {'length': 50, 'pad_mode': 'constant', 'center': 0, 'scale': 0.2, 'min': -5, 'max': 5, 'pad_value': 0})
 - ('pfcand_dz', {'length': 50, 'pad_mode': 'constant', 'center': 0, 'scale': 150, 'min': -5, 'max': 5, 'pad_value': 0})
 - ('pfcand_dzsig', {'length': 50, 'pad_mode': 'constant', 'center': 0, 'scale': 0.7, 'min': -5, 'max': 5, 'pad_value': 0})
 - ('pfcand_dxy', {'length': 50, 'pad_mode': 'constant', 'center': 0, 'scale': 270, 'min': -5, 'max': 5, 'pad_value': 0})
 - ('pfcand_dxysig', {'length': 50, 'pad_mode': 'constant', 'center': 1.1, 'scale': 1, 'min': -5, 'max': 5, 'pad_value': 0})
 - ('pfcand_btagEtaRel', {'length': 50, 'pad_mode': 'constant', 'center': 2.1, 'scale': 0.5, 'min': -5, 'max': 5, 'pad_value': 0})
 - ('pfcand_btagPtRatio', {'length': 50, 'pad_mode': 'constant', 'center': 0, 'scale': 1, 'min': -5, 'max': 5, 'pad_value': 0})
 - ('pfcand_btagPParRatio', {'length': 50, 'pad_mode': 'constant', 'center': 0, 'scale': 1, 'min': -5, 'max': 5, 'pad_value': 0})
 - ('pfcand_btagSip3dVal', {'length': 50, 'pad_mode': 'constant', 'center': 0, 'scale': 90, 'min': -5, 'max': 5, 'pad_value': 0})
 - ('pfcand_btagSip3dSig', {'length': 50, 'pad_mode': 'constant', 'center': 0, 'scale': 0.5, 'min': -5, 'max': 5, 'pad_value': 0})
 - ('pfcand_btagJetDistVal', {'length': 50, 'pad_mode': 'constant', 'center': 0, 'scale': 50, 'min': -5, 'max': 5, 'pad_value': 0})
 - ('pfcand_mask', {'length': 50, 'pad_mode': 'constant', 'center': None, 'scale': 1, 'min': -5, 'max': 5, 'pad_value': 0})
 - ('sv_etarel', {'length': 5, 'pad_mode': 'constant', 'center': None, 'scale': 1, 'min': -5, 'max': 5, 'pad_value': 0})
 - ('sv_phirel', {'length': 5, 'pad_mode': 'constant', 'center': None, 'scale': 1, 'min': -5, 'max': 5, 'pad_value': 0})
 - ('sv_pt_log', {'length': 5, 'pad_mode': 'constant', 'center': 2.8, 'scale': 0.8, 'min': -5, 'max': 5, 'pad_value': 0})
 - ('sv_mass', {'length': 5, 'pad_mode': 'constant', 'center': 1.1, 'scale': 0.6, 'min': -5, 'max': 5, 'pad_value': 0})
 - ('sv_abseta', {'length': 5, 'pad_mode': 'constant', 'center': 0.8, 'scale': 1.2, 'min': -5, 'max': 5, 'pad_value': 0})
 - ('sv_ntracks', {'length': 5, 'pad_mode': 'constant', 'center': 3, 'scale': 0.5, 'min': -5, 'max': 5, 'pad_value': 0})
 - ('sv_normchi2', {'length': 5, 'pad_mode': 'constant', 'center': 0.7, 'scale': 0.7, 'min': -5, 'max': 5, 'pad_value': 0})
 - ('sv_dxy', {'length': 5, 'pad_mode': 'constant', 'center': 0.2, 'scale': 0.6, 'min': -5, 'max': 5, 'pad_value': 0})
 - ('sv_dxysig', {'length': 5, 'pad_mode': 'constant', 'center': 5, 'scale': 0.03, 'min': -5, 'max': 5, 'pad_value': 0})
 - ('sv_d3d', {'length': 5, 'pad_mode': 'constant', 'center': 0.35, 'scale': 0.4, 'min': -5, 'max': 5, 'pad_value': 0})
 - ('sv_d3dsig', {'length': 5, 'pad_mode': 'constant', 'center': 5, 'scale': 0.03, 'min': -5, 'max': 5, 'pad_value': 0})
 - ('sv_mask', {'length': 5, 'pad_mode': 'constant', 'center': None, 'scale': 1, 'min': -5, 'max': 5, 'pad_value': 0})
 - ('track1_index', {'length': 300, 'pad_mode': 'constant', 'center': None, 'scale': 1, 'min': -5, 'max': 5, 'pad_value': 0})
 - ('track2_index', {'length': 300, 'pad_mode': 'constant', 'center': None, 'scale': 1, 'min': -5, 'max': 5, 'pad_value': 0})
 - ('pca_distance', {'length': 300, 'pad_mode': 'constant', 'center': None, 'scale': 1, 'min': -5, 'max': 5, 'pad_value': 0})
 - ('pca_significance', {'length': 300, 'pad_mode': 'constant', 'center': None, 'scale': 1, 'min': -5, 'max': 5, 'pad_value': 0})
 - ('pcaSeed_x1', {'length': 300, 'pad_mode': 'constant', 'center': None, 'scale': 1, 'min': -5, 'max': 5, 'pad_value': 0})
 - ('pcaSeed_y1', {'length': 300, 'pad_mode': 'constant', 'center': None, 'scale': 1, 'min': -5, 'max': 5, 'pad_value': 0})
 - ('pcaSeed_z1', {'length': 300, 'pad_mode': 'constant', 'center': None, 'scale': 1, 'min': -5, 'max': 5, 'pad_value': 0})
 - ('pcaSeed_x2', {'length': 300, 'pad_mode': 'constant', 'center': None, 'scale': 1, 'min': -5, 'max': 5, 'pad_value': 0})
 - ('pcaSeed_y2', {'length': 300, 'pad_mode': 'constant', 'center': None, 'scale': 1, 'min': -5, 'max': 5, 'pad_value': 0})
 - ('pcaSeed_z2', {'length': 300, 'pad_mode': 'constant', 'center': None, 'scale': 1, 'min': -5, 'max': 5, 'pad_value': 0})
 - ('pcaSeed_xerr1', {'length': 300, 'pad_mode': 'constant', 'center': None, 'scale': 1, 'min': -5, 'max': 5, 'pad_value': 0})
 - ('pcaSeed_yerr1', {'length': 300, 'pad_mode': 'constant', 'center': None, 'scale': 1, 'min': -5, 'max': 5, 'pad_value': 0})
 - ('pcaSeed_zerr1', {'length': 300, 'pad_mode': 'constant', 'center': None, 'scale': 1, 'min': -5, 'max': 5, 'pad_value': 0})
 - ('pcaSeed_xerr2', {'length': 300, 'pad_mode': 'constant', 'center': None, 'scale': 1, 'min': -5, 'max': 5, 'pad_value': 0})
 - ('pcaSeed_yerr2', {'length': 300, 'pad_mode': 'constant', 'center': None, 'scale': 1, 'min': -5, 'max': 5, 'pad_value': 0})
 - ('pcaSeed_zerr2', {'length': 300, 'pad_mode': 'constant', 'center': None, 'scale': 1, 'min': -5, 'max': 5, 'pad_value': 0})
 - ('dotprod1', {'length': 300, 'pad_mode': 'constant', 'center': None, 'scale': 1, 'min': -5, 'max': 5, 'pad_value': 0})
 - ('dotprod2', {'length': 300, 'pad_mode': 'constant', 'center': None, 'scale': 1, 'min': -5, 'max': 5, 'pad_value': 0})
 - ('pca_dist1', {'length': 300, 'pad_mode': 'constant', 'center': None, 'scale': 1, 'min': -5, 'max': 5, 'pad_value': 0})
 - ('pca_dist2', {'length': 300, 'pad_mode': 'constant', 'center': None, 'scale': 1, 'min': -5, 'max': 5, 'pad_value': 0})
 - ('dotprod12_2D', {'length': 300, 'pad_mode': 'constant', 'center': None, 'scale': 1, 'min': -5, 'max': 5, 'pad_value': 0})
 - ('dotprod12_2DV', {'length': 300, 'pad_mode': 'constant', 'center': None, 'scale': 1, 'min': -5, 'max': 5, 'pad_value': 0})
 - ('dotprod12_3D', {'length': 300, 'pad_mode': 'constant', 'center': None, 'scale': 1, 'min': -5, 'max': 5, 'pad_value': 0})
 - ('dotprod12_3DV', {'length': 300, 'pad_mode': 'constant', 'center': None, 'scale': 1, 'min': -5, 'max': 5, 'pad_value': 0})
 - ('pca_jetAxis_dist', {'length': 300, 'pad_mode': 'constant', 'center': None, 'scale': 1, 'min': -5, 'max': 5, 'pad_value': 0})
 - ('pca_jetAxis_dotprod', {'length': 300, 'pad_mode': 'constant', 'center': None, 'scale': 1, 'min': -5, 'max': 5, 'pad_value': 0})
 - ('pca_jetAxis_dEta', {'length': 300, 'pad_mode': 'constant', 'center': None, 'scale': 1, 'min': -5, 'max': 5, 'pad_value': 0})
 - ('pca_jetAxis_dPhi_', {'length': 300, 'pad_mode': 'constant', 'center': None, 'scale': 1, 'min': -5, 'max': 5, 'pad_value': 0})
 - ('edge_features_mask', {'length': 300, 'pad_mode': 'constant', 'center': None, 'scale': 1, 'min': -5, 'max': 5, 'pad_value': 0})[0m
[2022-12-08 16:47:02,729] INFO: [0;37mlabel_names: ('_label_',)[0m
[2022-12-08 16:47:02,729] INFO: [0;37mobserver_names: ('event_no', 'jet_no', 'jet_pt', 'jet_eta', 'jet_phi', 'jet_hadronFlavour', 'jet_partonFlavour', 'jet_genjet_pt', 'npfcands', 'pfDeepFlavourJetTags_probb', 'pfDeepFlavourJetTags_probbb', 'pfDeepFlavourJetTags_problepb', 'pfDeepFlavourJetTags_probc', 'pfDeepFlavourJetTags_probuds', 'pfDeepFlavourJetTags_probg', 'jet_qgl')[0m
[2022-12-08 16:47:02,729] INFO: [0;37mmonitor_variables: ()[0m
[2022-12-08 16:47:02,729] INFO: [0;37mreweight_method: flat[0m
[2022-12-08 16:47:02,729] INFO: [0;37mreweight_branches: ('jet_pt', 'jet_eta')[0m
[2022-12-08 16:47:02,729] INFO: [0;37mreweight_bins: ([15, 20, 26, 35, 46, 61, 80, 106, 141, 186, 247, 326, 432, 571, 756, 1000], [-4.7, -3.0, -2.5, -2.0, -1.5, -1.0, -0.5, 0.0, 0.5, 1.0, 1.5, 2.0, 2.5, 3.0, 4.7])[0m
[2022-12-08 16:47:02,729] INFO: [0;37mreweight_classes: ('label_catB', 'label_catC', 'label_uds', 'label_g', 'label_undef', 'label_pu')[0m
[2022-12-08 16:47:02,729] INFO: [0;37mclass_weights: [1, 1, 2.5, 5, 0.3, 0.2][0m
[2022-12-08 16:47:02,729] INFO: [0;37mreweight_threshold: 25[0m
[2022-12-08 16:47:02,729] INFO: [0;37mreweight_discard_under_overflow: True[0m
[2022-12-08 16:47:02,795] INFO: [0;37mpreprocess config: {'method': 'manual', 'data_fraction': None, 'params': None}[0m
[2022-12-08 16:47:02,795] INFO: [0;37mselection: (jet_tightId==1) & (np.abs(jet_eta)<4.7) & (jet_pt>15) & (jet_pt<1000) & (event_no%7!=0) & ( (jet_hadronFlavour>0) | ((jet_hadronFlavour==0) & (np.abs(jet_partonFlavour)!=4) & (np.abs(jet_partonFlavour)!=5)) ) & ( ~((jet_genjet_pt>0) & (jet_hadronFlavour==0) & (jet_partonFlavour==0)) | ((jet_genjet_pt>0) & (jet_hadronFlavour==0) & (jet_partonFlavour==0) & (jet_pt<200)) ) & ( (jet_genjet_pt>0) | ((jet_genjet_pt<=0) & (jet_pt<60)) )[0m
[2022-12-08 16:47:02,795] INFO: [0;37mtest_time_selection: (jet_tightId==1) & (np.abs(jet_eta)<4.7) & (jet_pt>15) & (jet_pt<1000)[0m
[2022-12-08 16:47:02,795] INFO: [0;37mvar_funcs:
 - ('pfcand_mask', 'awkward.JaggedArray.ones_like(pfcand_etarel)')
 - ('sv_mask', 'awkward.JaggedArray.ones_like(sv_etarel)')
 - ('edge_features_mask', 'awkward.JaggedArray.ones_like(pca_distance)')
 - ('label_b', '(jet_genjet_pt>0) & (jet_nBHadrons==1)')
 - ('label_bb', '(jet_genjet_pt>0) & (jet_nBHadrons>1)')
 - ('label_c', '(jet_genjet_pt>0) & (jet_nBHadrons==0) & (jet_nCHadrons==1)')
 - ('label_cc', '(jet_genjet_pt>0) & (jet_nBHadrons==0) & (jet_nCHadrons>1)')
 - ('label_uds', '(jet_genjet_pt>0) & (jet_hadronFlavour==0) & (np.abs(jet_partonFlavour)>0) & (np.abs(jet_partonFlavour)<4)')
 - ('label_g', '(jet_genjet_pt>0) & (jet_hadronFlavour==0) & (jet_partonFlavour==21)')
 - ('label_undef', '(jet_genjet_pt>0) & (jet_hadronFlavour==0) & ((jet_partonFlavour==0) | (np.abs(jet_partonFlavour)==5) | (np.abs(jet_partonFlavour)==4))')
 - ('label_pu', '(jet_genjet_pt<=0)')
 - ('label_catB', '(jet_genjet_pt>0) & (jet_hadronFlavour==5)')
 - ('label_catC', '(jet_genjet_pt>0) & (jet_hadronFlavour==4)')
 - ('_label_', 'np.stack([label_b,label_bb,label_c,label_cc,label_uds,label_g,label_undef,label_pu], axis=1).argmax(1)')
 - ('_labelcheck_', 'np.stack([label_b,label_bb,label_c,label_cc,label_uds,label_g,label_undef,label_pu], axis=1).sum(1)')[0m
[2022-12-08 16:47:02,795] INFO: [0;37minput_names: ('pf_points', 'pf_features', 'pf_mask', 'sv_points', 'sv_features', 'sv_mask', 'edge_list', 'edge_features', 'edge_features_mask')[0m
[2022-12-08 16:47:02,795] INFO: [0;37minput_dicts:
 - ('pf_points', ['pfcand_etarel', 'pfcand_phirel'])
 - ('pf_features', ['pfcand_pt_log_nopuppi', 'pfcand_e_log_nopuppi', 'pfcand_etarel', 'pfcand_phirel', 'pfcand_abseta', 'pfcand_charge', 'pfcand_VTX_ass', 'pfcand_lostInnerHits', 'pfcand_normchi2', 'pfcand_quality', 'pfcand_dz', 'pfcand_dzsig', 'pfcand_dxy', 'pfcand_dxysig', 'pfcand_btagEtaRel', 'pfcand_btagPtRatio', 'pfcand_btagPParRatio', 'pfcand_btagSip3dVal', 'pfcand_btagSip3dSig', 'pfcand_btagJetDistVal'])
 - ('pf_mask', ['pfcand_mask'])
 - ('sv_points', ['sv_etarel', 'sv_phirel'])
 - ('sv_features', ['sv_pt_log', 'sv_mass', 'sv_etarel', 'sv_phirel', 'sv_abseta', 'sv_ntracks', 'sv_normchi2', 'sv_dxy', 'sv_dxysig', 'sv_d3d', 'sv_d3dsig'])
 - ('sv_mask', ['sv_mask'])
 - ('edge_list', ['track1_index', 'track2_index'])
 - ('edge_features', ['pca_distance', 'pca_significance', 'pcaSeed_x1', 'pcaSeed_y1', 'pcaSeed_z1', 'pcaSeed_x2', 'pcaSeed_y2', 'pcaSeed_z2', 'pcaSeed_xerr1', 'pcaSeed_yerr1', 'pcaSeed_zerr1', 'pcaSeed_xerr2', 'pcaSeed_yerr2', 'pcaSeed_zerr2', 'dotprod1', 'dotprod2', 'pca_dist1', 'pca_dist2', 'dotprod12_2D', 'dotprod12_2DV', 'dotprod12_3D', 'dotprod12_3DV', 'pca_jetAxis_dist', 'pca_jetAxis_dotprod', 'pca_jetAxis_dEta', 'pca_jetAxis_dPhi_'])
 - ('edge_features_mask', ['edge_features_mask'])[0m
[2022-12-08 16:47:02,795] INFO: [0;37minput_shapes:
 - ('pf_points', (-1, 2, 50))
 - ('pf_features', (-1, 20, 50))
 - ('pf_mask', (-1, 1, 50))
 - ('sv_points', (-1, 2, 5))
 - ('sv_features', (-1, 11, 5))
 - ('sv_mask', (-1, 1, 5))
 - ('edge_list', (-1, 2, 300))
 - ('edge_features', (-1, 26, 300))
 - ('edge_features_mask', (-1, 1, 300))[0m
[2022-12-08 16:47:02,795] INFO: [0;37mpreprocess_params:
 - ('pfcand_etarel', {'length': 50, 'pad_mode': 'constant', 'center': None, 'scale': 1, 'min': -5, 'max': 5, 'pad_value': 0})
 - ('pfcand_phirel', {'length': 50, 'pad_mode': 'constant', 'center': None, 'scale': 1, 'min': -5, 'max': 5, 'pad_value': 0})
 - ('pfcand_pt_log_nopuppi', {'length': 50, 'pad_mode': 'constant', 'center': 0.8, 'scale': 0.7, 'min': -5, 'max': 5, 'pad_value': 0})
 - ('pfcand_e_log_nopuppi', {'length': 50, 'pad_mode': 'constant', 'center': 1.2, 'scale': 0.6, 'min': -5, 'max': 5, 'pad_value': 0})
 - ('pfcand_abseta', {'length': 50, 'pad_mode': 'constant', 'center': 0.8, 'scale': 1.2, 'min': -5, 'max': 5, 'pad_value': 0})
 - ('pfcand_charge', {'length': 50, 'pad_mode': 'constant', 'center': None, 'scale': 1, 'min': -5, 'max': 5, 'pad_value': 0})
 - ('pfcand_VTX_ass', {'length': 50, 'pad_mode': 'constant', 'center': 4, 'scale': 0.3, 'min': -5, 'max': 5, 'pad_value': 0})
 - ('pfcand_lostInnerHits', {'length': 50, 'pad_mode': 'constant', 'center': None, 'scale': 1, 'min': -5, 'max': 5, 'pad_value': 0})
 - ('pfcand_normchi2', {'length': 50, 'pad_mode': 'constant', 'center': 5, 'scale': 0.2, 'min': -5, 'max': 5, 'pad_value': 0})
 - ('pfcand_quality', {'length': 50, 'pad_mode': 'constant', 'center': 0, 'scale': 0.2, 'min': -5, 'max': 5, 'pad_value': 0})
 - ('pfcand_dz', {'length': 50, 'pad_mode': 'constant', 'center': 0, 'scale': 150, 'min': -5, 'max': 5, 'pad_value': 0})
 - ('pfcand_dzsig', {'length': 50, 'pad_mode': 'constant', 'center': 0, 'scale': 0.7, 'min': -5, 'max': 5, 'pad_value': 0})
 - ('pfcand_dxy', {'length': 50, 'pad_mode': 'constant', 'center': 0, 'scale': 270, 'min': -5, 'max': 5, 'pad_value': 0})
 - ('pfcand_dxysig', {'length': 50, 'pad_mode': 'constant', 'center': 1.1, 'scale': 1, 'min': -5, 'max': 5, 'pad_value': 0})
 - ('pfcand_btagEtaRel', {'length': 50, 'pad_mode': 'constant', 'center': 2.1, 'scale': 0.5, 'min': -5, 'max': 5, 'pad_value': 0})
 - ('pfcand_btagPtRatio', {'length': 50, 'pad_mode': 'constant', 'center': 0, 'scale': 1, 'min': -5, 'max': 5, 'pad_value': 0})
 - ('pfcand_btagPParRatio', {'length': 50, 'pad_mode': 'constant', 'center': 0, 'scale': 1, 'min': -5, 'max': 5, 'pad_value': 0})
 - ('pfcand_btagSip3dVal', {'length': 50, 'pad_mode': 'constant', 'center': 0, 'scale': 90, 'min': -5, 'max': 5, 'pad_value': 0})
 - ('pfcand_btagSip3dSig', {'length': 50, 'pad_mode': 'constant', 'center': 0, 'scale': 0.5, 'min': -5, 'max': 5, 'pad_value': 0})
 - ('pfcand_btagJetDistVal', {'length': 50, 'pad_mode': 'constant', 'center': 0, 'scale': 50, 'min': -5, 'max': 5, 'pad_value': 0})
 - ('pfcand_mask', {'length': 50, 'pad_mode': 'constant', 'center': None, 'scale': 1, 'min': -5, 'max': 5, 'pad_value': 0})
 - ('sv_etarel', {'length': 5, 'pad_mode': 'constant', 'center': None, 'scale': 1, 'min': -5, 'max': 5, 'pad_value': 0})
 - ('sv_phirel', {'length': 5, 'pad_mode': 'constant', 'center': None, 'scale': 1, 'min': -5, 'max': 5, 'pad_value': 0})
 - ('sv_pt_log', {'length': 5, 'pad_mode': 'constant', 'center': 2.8, 'scale': 0.8, 'min': -5, 'max': 5, 'pad_value': 0})
 - ('sv_mass', {'length': 5, 'pad_mode': 'constant', 'center': 1.1, 'scale': 0.6, 'min': -5, 'max': 5, 'pad_value': 0})
 - ('sv_abseta', {'length': 5, 'pad_mode': 'constant', 'center': 0.8, 'scale': 1.2, 'min': -5, 'max': 5, 'pad_value': 0})
 - ('sv_ntracks', {'length': 5, 'pad_mode': 'constant', 'center': 3, 'scale': 0.5, 'min': -5, 'max': 5, 'pad_value': 0})
 - ('sv_normchi2', {'length': 5, 'pad_mode': 'constant', 'center': 0.7, 'scale': 0.7, 'min': -5, 'max': 5, 'pad_value': 0})
 - ('sv_dxy', {'length': 5, 'pad_mode': 'constant', 'center': 0.2, 'scale': 0.6, 'min': -5, 'max': 5, 'pad_value': 0})
 - ('sv_dxysig', {'length': 5, 'pad_mode': 'constant', 'center': 5, 'scale': 0.03, 'min': -5, 'max': 5, 'pad_value': 0})
 - ('sv_d3d', {'length': 5, 'pad_mode': 'constant', 'center': 0.35, 'scale': 0.4, 'min': -5, 'max': 5, 'pad_value': 0})
 - ('sv_d3dsig', {'length': 5, 'pad_mode': 'constant', 'center': 5, 'scale': 0.03, 'min': -5, 'max': 5, 'pad_value': 0})
 - ('sv_mask', {'length': 5, 'pad_mode': 'constant', 'center': None, 'scale': 1, 'min': -5, 'max': 5, 'pad_value': 0})
 - ('track1_index', {'length': 300, 'pad_mode': 'constant', 'center': None, 'scale': 1, 'min': -5, 'max': 5, 'pad_value': 0})
 - ('track2_index', {'length': 300, 'pad_mode': 'constant', 'center': None, 'scale': 1, 'min': -5, 'max': 5, 'pad_value': 0})
 - ('pca_distance', {'length': 300, 'pad_mode': 'constant', 'center': None, 'scale': 1, 'min': -5, 'max': 5, 'pad_value': 0})
 - ('pca_significance', {'length': 300, 'pad_mode': 'constant', 'center': None, 'scale': 1, 'min': -5, 'max': 5, 'pad_value': 0})
 - ('pcaSeed_x1', {'length': 300, 'pad_mode': 'constant', 'center': None, 'scale': 1, 'min': -5, 'max': 5, 'pad_value': 0})
 - ('pcaSeed_y1', {'length': 300, 'pad_mode': 'constant', 'center': None, 'scale': 1, 'min': -5, 'max': 5, 'pad_value': 0})
 - ('pcaSeed_z1', {'length': 300, 'pad_mode': 'constant', 'center': None, 'scale': 1, 'min': -5, 'max': 5, 'pad_value': 0})
 - ('pcaSeed_x2', {'length': 300, 'pad_mode': 'constant', 'center': None, 'scale': 1, 'min': -5, 'max': 5, 'pad_value': 0})
 - ('pcaSeed_y2', {'length': 300, 'pad_mode': 'constant', 'center': None, 'scale': 1, 'min': -5, 'max': 5, 'pad_value': 0})
 - ('pcaSeed_z2', {'length': 300, 'pad_mode': 'constant', 'center': None, 'scale': 1, 'min': -5, 'max': 5, 'pad_value': 0})
 - ('pcaSeed_xerr1', {'length': 300, 'pad_mode': 'constant', 'center': None, 'scale': 1, 'min': -5, 'max': 5, 'pad_value': 0})
 - ('pcaSeed_yerr1', {'length': 300, 'pad_mode': 'constant', 'center': None, 'scale': 1, 'min': -5, 'max': 5, 'pad_value': 0})
 - ('pcaSeed_zerr1', {'length': 300, 'pad_mode': 'constant', 'center': None, 'scale': 1, 'min': -5, 'max': 5, 'pad_value': 0})
 - ('pcaSeed_xerr2', {'length': 300, 'pad_mode': 'constant', 'center': None, 'scale': 1, 'min': -5, 'max': 5, 'pad_value': 0})
 - ('pcaSeed_yerr2', {'length': 300, 'pad_mode': 'constant', 'center': None, 'scale': 1, 'min': -5, 'max': 5, 'pad_value': 0})
 - ('pcaSeed_zerr2', {'length': 300, 'pad_mode': 'constant', 'center': None, 'scale': 1, 'min': -5, 'max': 5, 'pad_value': 0})
 - ('dotprod1', {'length': 300, 'pad_mode': 'constant', 'center': None, 'scale': 1, 'min': -5, 'max': 5, 'pad_value': 0})
 - ('dotprod2', {'length': 300, 'pad_mode': 'constant', 'center': None, 'scale': 1, 'min': -5, 'max': 5, 'pad_value': 0})
 - ('pca_dist1', {'length': 300, 'pad_mode': 'constant', 'center': None, 'scale': 1, 'min': -5, 'max': 5, 'pad_value': 0})
 - ('pca_dist2', {'length': 300, 'pad_mode': 'constant', 'center': None, 'scale': 1, 'min': -5, 'max': 5, 'pad_value': 0})
 - ('dotprod12_2D', {'length': 300, 'pad_mode': 'constant', 'center': None, 'scale': 1, 'min': -5, 'max': 5, 'pad_value': 0})
 - ('dotprod12_2DV', {'length': 300, 'pad_mode': 'constant', 'center': None, 'scale': 1, 'min': -5, 'max': 5, 'pad_value': 0})
 - ('dotprod12_3D', {'length': 300, 'pad_mode': 'constant', 'center': None, 'scale': 1, 'min': -5, 'max': 5, 'pad_value': 0})
 - ('dotprod12_3DV', {'length': 300, 'pad_mode': 'constant', 'center': None, 'scale': 1, 'min': -5, 'max': 5, 'pad_value': 0})
 - ('pca_jetAxis_dist', {'length': 300, 'pad_mode': 'constant', 'center': None, 'scale': 1, 'min': -5, 'max': 5, 'pad_value': 0})
 - ('pca_jetAxis_dotprod', {'length': 300, 'pad_mode': 'constant', 'center': None, 'scale': 1, 'min': -5, 'max': 5, 'pad_value': 0})
 - ('pca_jetAxis_dEta', {'length': 300, 'pad_mode': 'constant', 'center': None, 'scale': 1, 'min': -5, 'max': 5, 'pad_value': 0})
 - ('pca_jetAxis_dPhi_', {'length': 300, 'pad_mode': 'constant', 'center': None, 'scale': 1, 'min': -5, 'max': 5, 'pad_value': 0})
 - ('edge_features_mask', {'length': 300, 'pad_mode': 'constant', 'center': None, 'scale': 1, 'min': -5, 'max': 5, 'pad_value': 0})[0m
[2022-12-08 16:47:02,795] INFO: [0;37mlabel_names: ('_label_',)[0m
[2022-12-08 16:47:02,795] INFO: [0;37mobserver_names: ()[0m
[2022-12-08 16:47:02,795] INFO: [0;37mmonitor_variables: ()[0m
[2022-12-08 16:47:02,795] INFO: [0;37mreweight_method: flat[0m
[2022-12-08 16:47:02,795] INFO: [0;37mreweight_branches: ('jet_pt', 'jet_eta')[0m
[2022-12-08 16:47:02,795] INFO: [0;37mreweight_bins: ([15, 20, 26, 35, 46, 61, 80, 106, 141, 186, 247, 326, 432, 571, 756, 1000], [-4.7, -3.0, -2.5, -2.0, -1.5, -1.0, -0.5, 0.0, 0.5, 1.0, 1.5, 2.0, 2.5, 3.0, 4.7])[0m
[2022-12-08 16:47:02,795] INFO: [0;37mreweight_classes: ('label_catB', 'label_catC', 'label_uds', 'label_g', 'label_undef', 'label_pu')[0m
[2022-12-08 16:47:02,795] INFO: [0;37mclass_weights: [1, 1, 2.5, 5, 0.3, 0.2][0m
[2022-12-08 16:47:02,795] INFO: [0;37mreweight_threshold: 25[0m
[2022-12-08 16:47:02,795] INFO: [0;37mreweight_discard_under_overflow: True[0m
[2022-12-08 16:47:02,800] INFO: Network options: {}
[2022-12-08 16:47:02,824] INFO: [0;37mWarning: module FeatureConv is treated as a zero-op.[0m
[2022-12-08 16:47:02,824] INFO: [0;37mWarning: module EdgeFeatureConvBlock is treated as a zero-op.[0m
[2022-12-08 16:47:02,824] INFO: [0;37mWarning: module Dropout is treated as a zero-op.[0m
[2022-12-08 16:47:02,824] INFO: [0;37mWarning: module ParticleNetEdge is treated as a zero-op.[0m
[2022-12-08 16:47:02,824] INFO: [0;37mWarning: module ParticleNetEdgeTagger is treated as a zero-op.[0m
[2022-12-08 16:47:03,283] INFO: [0;37mParticleNetEdgeTagger(
  |0.41 M, 100.000% Params, 52.307 MMac, 100.000% MACs|
  (pf_conv): FeatureConv(
    |0.001 M, 0.181% Params, 38.8 KMac, 0.074% MACs|
    (conv): Sequential(
      |0.001 M, 0.181% Params, 38.8 KMac, 0.074% MACs|
      (0): BatchNorm1d(20, eps=1e-05, momentum=0.1, affine=True, track_running_stats=True, |0.0 M, 0.010% Params, 2.0 KMac, 0.004% MACs|)
      (1): Conv1d(20, 32, kernel_size=(1,), stride=(1,), bias=False, |0.001 M, 0.156% Params, 32.0 KMac, 0.061% MACs|)
      (2): BatchNorm1d(32, eps=1e-05, momentum=0.1, affine=True, track_running_stats=True, |0.0 M, 0.016% Params, 3.2 KMac, 0.006% MACs|)
      (3): ReLU(|0.0 M, 0.000% Params, 1.6 KMac, 0.003% MACs|)
    )
  )
  (sv_conv): FeatureConv(
    |0.0 M, 0.107% Params, 2.35 KMac, 0.004% MACs|
    (conv): Sequential(
      |0.0 M, 0.107% Params, 2.35 KMac, 0.004% MACs|
      (0): BatchNorm1d(11, eps=1e-05, momentum=0.1, affine=True, track_running_stats=True, |0.0 M, 0.005% Params, 110.0 Mac, 0.000% MACs|)
      (1): Conv1d(11, 32, kernel_size=(1,), stride=(1,), bias=False, |0.0 M, 0.086% Params, 1.76 KMac, 0.003% MACs|)
      (2): BatchNorm1d(32, eps=1e-05, momentum=0.1, affine=True, track_running_stats=True, |0.0 M, 0.016% Params, 320.0 Mac, 0.001% MACs|)
      (3): ReLU(|0.0 M, 0.000% Params, 160.0 Mac, 0.000% MACs|)
    )
  )
  (pn): ParticleNetEdge(
    |0.409 M, 99.712% Params, 52.265 MMac, 99.921% MACs|
    (edge_feat_convs): ModuleList(
      |0.301 M, 73.339% Params, 48.06 MMac, 91.881% MACs|
      (0): EdgeFeatureConvBlock(
        |0.041 M, 9.924% Params, 6.634 MMac, 12.683% MACs|
        (convs): ModuleList(
          |0.014 M, 3.402% Params, 6.25 MMac, 11.950% MACs|
          (0): Conv2d(90, 64, kernel_size=(1, 1), stride=(1, 1), bias=False, |0.006 M, 1.404% Params, 2.58 MMac, 4.933% MACs|)
          (1): Conv2d(64, 64, kernel_size=(1, 1), stride=(1, 1), bias=False, |0.004 M, 0.999% Params, 1.835 MMac, 3.508% MACs|)
          (2): Conv2d(64, 64, kernel_size=(1, 1), stride=(1, 1), bias=False, |0.004 M, 0.999% Params, 1.835 MMac, 3.508% MACs|)
        )
        (convs_ef): ModuleList(
          |0.021 M, 5.103% Params, 0.0 Mac, 0.000% MACs|
          (0): Conv2d(26, 96, kernel_size=(1, 1), stride=(1, 1), bias=False, |0.002 M, 0.609% Params, 0.0 Mac, 0.000% MACs|)
          (1): Conv2d(96, 96, kernel_size=(1, 1), stride=(1, 1), bias=False, |0.009 M, 2.247% Params, 0.0 Mac, 0.000% MACs|)
          (2): Conv2d(96, 96, kernel_size=(1, 1), stride=(1, 1), bias=False, |0.009 M, 2.247% Params, 0.0 Mac, 0.000% MACs|)
        )
        (bns): ModuleList(
          |0.0 M, 0.094% Params, 172.032 KMac, 0.329% MACs|
          (0): BatchNorm2d(64, eps=1e-05, momentum=0.1, affine=True, track_running_stats=True, |0.0 M, 0.031% Params, 57.344 KMac, 0.110% MACs|)
          (1): BatchNorm2d(64, eps=1e-05, momentum=0.1, affine=True, track_running_stats=True, |0.0 M, 0.031% Params, 57.344 KMac, 0.110% MACs|)
          (2): BatchNorm2d(64, eps=1e-05, momentum=0.1, affine=True, track_running_stats=True, |0.0 M, 0.031% Params, 57.344 KMac, 0.110% MACs|)
        )
        (bns_ef): ModuleList(
          |0.001 M, 0.140% Params, 0.0 Mac, 0.000% MACs|
          (0): BatchNorm2d(96, eps=1e-05, momentum=0.1, affine=True, track_running_stats=True, |0.0 M, 0.047% Params, 0.0 Mac, 0.000% MACs|)
          (1): BatchNorm2d(96, eps=1e-05, momentum=0.1, affine=True, track_running_stats=True, |0.0 M, 0.047% Params, 0.0 Mac, 0.000% MACs|)
          (2): BatchNorm2d(96, eps=1e-05, momentum=0.1, affine=True, track_running_stats=True, |0.0 M, 0.047% Params, 0.0 Mac, 0.000% MACs|)
        )
        (acts): ModuleList(
          |0.0 M, 0.000% Params, 86.016 KMac, 0.164% MACs|
          (0): ReLU(|0.0 M, 0.000% Params, 28.672 KMac, 0.055% MACs|)
          (1): ReLU(|0.0 M, 0.000% Params, 28.672 KMac, 0.055% MACs|)
          (2): ReLU(|0.0 M, 0.000% Params, 28.672 KMac, 0.055% MACs|)
        )
        (acts_ef): ModuleList(
          |0.0 M, 0.000% Params, 0.0 Mac, 0.000% MACs|
          (0): ReLU(|0.0 M, 0.000% Params, 0.0 Mac, 0.000% MACs|)
          (1): ReLU(|0.0 M, 0.000% Params, 0.0 Mac, 0.000% MACs|)
          (2): ReLU(|0.0 M, 0.000% Params, 0.0 Mac, 0.000% MACs|)
        )
        (sc): Conv1d(32, 64, kernel_size=(1,), stride=(1,), bias=False, |0.002 M, 0.499% Params, 114.688 KMac, 0.219% MACs|)
        (sc_bn): BatchNorm1d(64, eps=1e-05, momentum=0.1, affine=True, track_running_stats=True, |0.0 M, 0.031% Params, 7.168 KMac, 0.014% MACs|)
        (sc_ef): Conv1d(26, 96, kernel_size=(1,), stride=(1,), bias=False, |0.002 M, 0.609% Params, 0.0 Mac, 0.000% MACs|)
        (sc_bn_ef): BatchNorm1d(96, eps=1e-05, momentum=0.1, affine=True, track_running_stats=True, |0.0 M, 0.047% Params, 0.0 Mac, 0.000% MACs|)
        (sc_act): ReLU(|0.0 M, 0.000% Params, 3.584 KMac, 0.007% MACs|)
        (sc_act_ef): ReLU(|0.0 M, 0.000% Params, 0.0 Mac, 0.000% MACs|)
      )
      (1): EdgeFeatureConvBlock(
        |0.096 M, 23.406% Params, 14.51 MMac, 27.740% MACs|
        (convs): ModuleList(
          |0.031 M, 7.490% Params, 13.763 MMac, 26.311% MACs|
          (0): Conv2d(128, 96, kernel_size=(1, 1), stride=(1, 1), bias=False, |0.012 M, 2.996% Params, 5.505 MMac, 10.525% MACs|)
          (1): Conv2d(96, 96, kernel_size=(1, 1), stride=(1, 1), bias=False, |0.009 M, 2.247% Params, 4.129 MMac, 7.893% MACs|)
          (2): Conv2d(96, 96, kernel_size=(1, 1), stride=(1, 1), bias=False, |0.009 M, 2.247% Params, 4.129 MMac, 7.893% MACs|)
        )
        (convs_ef): ModuleList(
          |0.045 M, 10.985% Params, 0.0 Mac, 0.000% MACs|
          (0): Conv2d(96, 128, kernel_size=(1, 1), stride=(1, 1), bias=False, |0.012 M, 2.996% Params, 0.0 Mac, 0.000% MACs|)
          (1): Conv2d(128, 128, kernel_size=(1, 1), stride=(1, 1), bias=False, |0.016 M, 3.995% Params, 0.0 Mac, 0.000% MACs|)
          (2): Conv2d(128, 128, kernel_size=(1, 1), stride=(1, 1), bias=False, |0.016 M, 3.995% Params, 0.0 Mac, 0.000% MACs|)
        )
        (bns): ModuleList(
          |0.001 M, 0.140% Params, 258.048 KMac, 0.493% MACs|
          (0): BatchNorm2d(96, eps=1e-05, momentum=0.1, affine=True, track_running_stats=True, |0.0 M, 0.047% Params, 86.016 KMac, 0.164% MACs|)
          (1): BatchNorm2d(96, eps=1e-05, momentum=0.1, affine=True, track_running_stats=True, |0.0 M, 0.047% Params, 86.016 KMac, 0.164% MACs|)
          (2): BatchNorm2d(96, eps=1e-05, momentum=0.1, affine=True, track_running_stats=True, |0.0 M, 0.047% Params, 86.016 KMac, 0.164% MACs|)
        )
        (bns_ef): ModuleList(
          |0.001 M, 0.187% Params, 0.0 Mac, 0.000% MACs|
          (0): BatchNorm2d(128, eps=1e-05, momentum=0.1, affine=True, track_running_stats=True, |0.0 M, 0.062% Params, 0.0 Mac, 0.000% MACs|)
          (1): BatchNorm2d(128, eps=1e-05, momentum=0.1, affine=True, track_running_stats=True, |0.0 M, 0.062% Params, 0.0 Mac, 0.000% MACs|)
          (2): BatchNorm2d(128, eps=1e-05, momentum=0.1, affine=True, track_running_stats=True, |0.0 M, 0.062% Params, 0.0 Mac, 0.000% MACs|)
        )
        (acts): ModuleList(
          |0.0 M, 0.000% Params, 129.024 KMac, 0.247% MACs|
          (0): ReLU(|0.0 M, 0.000% Params, 43.008 KMac, 0.082% MACs|)
          (1): ReLU(|0.0 M, 0.000% Params, 43.008 KMac, 0.082% MACs|)
          (2): ReLU(|0.0 M, 0.000% Params, 43.008 KMac, 0.082% MACs|)
        )
        (acts_ef): ModuleList(
          |0.0 M, 0.000% Params, 0.0 Mac, 0.000% MACs|
          (0): ReLU(|0.0 M, 0.000% Params, 0.0 Mac, 0.000% MACs|)
          (1): ReLU(|0.0 M, 0.000% Params, 0.0 Mac, 0.000% MACs|)
          (2): ReLU(|0.0 M, 0.000% Params, 0.0 Mac, 0.000% MACs|)
        )
        (sc): Conv1d(64, 96, kernel_size=(1,), stride=(1,), bias=False, |0.006 M, 1.498% Params, 344.064 KMac, 0.658% MACs|)
        (sc_bn): BatchNorm1d(96, eps=1e-05, momentum=0.1, affine=True, track_running_stats=True, |0.0 M, 0.047% Params, 10.752 KMac, 0.021% MACs|)
        (sc_ef): Conv1d(96, 128, kernel_size=(1,), stride=(1,), bias=False, |0.012 M, 2.996% Params, 0.0 Mac, 0.000% MACs|)
        (sc_bn_ef): BatchNorm1d(128, eps=1e-05, momentum=0.1, affine=True, track_running_stats=True, |0.0 M, 0.062% Params, 0.0 Mac, 0.000% MACs|)
        (sc_act): ReLU(|0.0 M, 0.000% Params, 5.376 KMac, 0.010% MACs|)
        (sc_act_ef): ReLU(|0.0 M, 0.000% Params, 0.0 Mac, 0.000% MACs|)
      )
      (2): EdgeFeatureConvBlock(
        |0.164 M, 40.009% Params, 26.916 MMac, 51.458% MACs|
        (convs): ModuleList(
          |0.057 M, 13.981% Params, 25.69 MMac, 49.114% MACs|
          (0): Conv2d(192, 128, kernel_size=(1, 1), stride=(1, 1), bias=False, |0.025 M, 5.992% Params, 11.01 MMac, 21.049% MACs|)
          (1): Conv2d(128, 128, kernel_size=(1, 1), stride=(1, 1), bias=False, |0.016 M, 3.995% Params, 7.34 MMac, 14.033% MACs|)
          (2): Conv2d(128, 128, kernel_size=(1, 1), stride=(1, 1), bias=False, |0.016 M, 3.995% Params, 7.34 MMac, 14.033% MACs|)
        )
        (convs_ef): ModuleList(
          |0.072 M, 17.477% Params, 0.0 Mac, 0.000% MACs|
          (0): Conv2d(128, 160, kernel_size=(1, 1), stride=(1, 1), bias=False, |0.02 M, 4.993% Params, 0.0 Mac, 0.000% MACs|)
          (1): Conv2d(160, 160, kernel_size=(1, 1), stride=(1, 1), bias=False, |0.026 M, 6.242% Params, 0.0 Mac, 0.000% MACs|)
          (2): Conv2d(160, 160, kernel_size=(1, 1), stride=(1, 1), bias=False, |0.026 M, 6.242% Params, 0.0 Mac, 0.000% MACs|)
        )
        (bns): ModuleList(
          |0.001 M, 0.187% Params, 344.064 KMac, 0.658% MACs|
          (0): BatchNorm2d(128, eps=1e-05, momentum=0.1, affine=True, track_running_stats=True, |0.0 M, 0.062% Params, 114.688 KMac, 0.219% MACs|)
          (1): BatchNorm2d(128, eps=1e-05, momentum=0.1, affine=True, track_running_stats=True, |0.0 M, 0.062% Params, 114.688 KMac, 0.219% MACs|)
          (2): BatchNorm2d(128, eps=1e-05, momentum=0.1, affine=True, track_running_stats=True, |0.0 M, 0.062% Params, 114.688 KMac, 0.219% MACs|)
        )
        (bns_ef): ModuleList(
          |0.001 M, 0.234% Params, 0.0 Mac, 0.000% MACs|
          (0): BatchNorm2d(160, eps=1e-05, momentum=0.1, affine=True, track_running_stats=True, |0.0 M, 0.078% Params, 0.0 Mac, 0.000% MACs|)
          (1): BatchNorm2d(160, eps=1e-05, momentum=0.1, affine=True, track_running_stats=True, |0.0 M, 0.078% Params, 0.0 Mac, 0.000% MACs|)
          (2): BatchNorm2d(160, eps=1e-05, momentum=0.1, affine=True, track_running_stats=True, |0.0 M, 0.078% Params, 0.0 Mac, 0.000% MACs|)
        )
        (acts): ModuleList(
          |0.0 M, 0.000% Params, 172.032 KMac, 0.329% MACs|
          (0): ReLU(|0.0 M, 0.000% Params, 57.344 KMac, 0.110% MACs|)
          (1): ReLU(|0.0 M, 0.000% Params, 57.344 KMac, 0.110% MACs|)
          (2): ReLU(|0.0 M, 0.000% Params, 57.344 KMac, 0.110% MACs|)
        )
        (acts_ef): ModuleList(
          |0.0 M, 0.000% Params, 0.0 Mac, 0.000% MACs|
          (0): ReLU(|0.0 M, 0.000% Params, 0.0 Mac, 0.000% MACs|)
          (1): ReLU(|0.0 M, 0.000% Params, 0.0 Mac, 0.000% MACs|)
          (2): ReLU(|0.0 M, 0.000% Params, 0.0 Mac, 0.000% MACs|)
        )
        (sc): Conv1d(96, 128, kernel_size=(1,), stride=(1,), bias=False, |0.012 M, 2.996% Params, 688.128 KMac, 1.316% MACs|)
        (sc_bn): BatchNorm1d(128, eps=1e-05, momentum=0.1, affine=True, track_running_stats=True, |0.0 M, 0.062% Params, 14.336 KMac, 0.027% MACs|)
        (sc_ef): Conv1d(128, 160, kernel_size=(1,), stride=(1,), bias=False, |0.02 M, 4.993% Params, 0.0 Mac, 0.000% MACs|)
        (sc_bn_ef): BatchNorm1d(160, eps=1e-05, momentum=0.1, affine=True, track_running_stats=True, |0.0 M, 0.078% Params, 0.0 Mac, 0.000% MACs|)
        (sc_act): ReLU(|0.0 M, 0.000% Params, 7.168 KMac, 0.014% MACs|)
        (sc_act_ef): ReLU(|0.0 M, 0.000% Params, 0.0 Mac, 0.000% MACs|)
      )
    )
    (fusion_block): Sequential(
      |0.074 M, 18.101% Params, 4.172 MMac, 7.976% MACs|
      (0): Conv1d(288, 256, kernel_size=(1,), stride=(1,), bias=False, |0.074 M, 17.976% Params, 4.129 MMac, 7.893% MACs|)
      (1): BatchNorm1d(256, eps=1e-05, momentum=0.1, affine=True, track_running_stats=True, |0.001 M, 0.125% Params, 28.672 KMac, 0.055% MACs|)
      (2): ReLU(|0.0 M, 0.000% Params, 14.336 KMac, 0.027% MACs|)
    )
    (fc): Sequential(
      |0.034 M, 8.272% Params, 34.056 KMac, 0.065% MACs|
      (0): Sequential(
        |0.033 M, 8.020% Params, 33.024 KMac, 0.063% MACs|
        (0): Linear(in_features=256, out_features=128, bias=True, |0.033 M, 8.020% Params, 32.896 KMac, 0.063% MACs|)
        (1): ReLU(|0.0 M, 0.000% Params, 128.0 Mac, 0.000% MACs|)
        (2): Dropout(p=0.1, inplace=False, |0.0 M, 0.000% Params, 0.0 Mac, 0.000% MACs|)
      )
      (1): Linear(in_features=128, out_features=8, bias=True, |0.001 M, 0.252% Params, 1.032 KMac, 0.002% MACs|)
    )
  )
)[0m
[2022-12-08 16:47:03,284] INFO: Computational complexity:       52.31 MMac
[2022-12-08 16:47:03,284] INFO: Number of parameters:           410.15 k
[2022-12-08 16:47:03,284] INFO: Using loss function CrossEntropyLoss() with options {}
[2022-12-08 16:47:05,229] INFO: Optimizer options: {}
[2022-12-08 16:47:05,234] INFO: --------------------------------------------------
[2022-12-08 16:47:05,235] INFO: Epoch #0 training
[2022-12-08 16:47:05,275] INFO: Restarted DataIter train_worker0, load_range=(0.0, 0.8), file_list:
{
  "_": [
    "output3_distcut_pt_cutidx.root"
  ]
}
